> Task :gradle-plugin:settings-plugin:checkKotlinGradlePluginConfigurationErrors SKIPPED
> Task :gradle-plugin:shared:checkKotlinGradlePluginConfigurationErrors SKIPPED
> Task :expo-gradle-plugin:expo-autolinking-plugin-shared:checkKotlinGradlePluginConfigurationErrors SKIPPED
> Task :expo-gradle-plugin:expo-autolinking-settings-plugin:checkKotlinGradlePluginConfigurationErrors SKIPPED
> Task :expo-gradle-plugin:expo-autolinking-settings-plugin:pluginDescriptors UP-TO-DATE
> Task :gradle-plugin:settings-plugin:pluginDescriptors UP-TO-DATE
> Task :expo-gradle-plugin:expo-autolinking-settings-plugin:processResources UP-TO-DATE
> Task :gradle-plugin:settings-plugin:processResources UP-TO-DATE
> Task :gradle-plugin:shared:compileKotlin UP-TO-DATE
> Task :gradle-plugin:shared:compileJava NO-SOURCE
> Task :expo-gradle-plugin:expo-autolinking-plugin-shared:compileKotlin UP-TO-DATE
> Task :gradle-plugin:shared:processResources NO-SOURCE
> Task :gradle-plugin:shared:classes UP-TO-DATE
> Task :expo-gradle-plugin:expo-autolinking-plugin-shared:compileJava NO-SOURCE
> Task :expo-gradle-plugin:expo-autolinking-plugin-shared:processResources NO-SOURCE
> Task :expo-gradle-plugin:expo-autolinking-plugin-shared:classes UP-TO-DATE
> Task :gradle-plugin:shared:jar UP-TO-DATE
> Task :expo-gradle-plugin:expo-autolinking-plugin-shared:jar UP-TO-DATE
> Task :gradle-plugin:settings-plugin:compileKotlin UP-TO-DATE
> Task :gradle-plugin:settings-plugin:compileJava NO-SOURCE
> Task :gradle-plugin:settings-plugin:classes UP-TO-DATE
> Task :gradle-plugin:settings-plugin:jar UP-TO-DATE
> Task :expo-gradle-plugin:expo-autolinking-settings-plugin:compileKotlin UP-TO-DATE
> Task :expo-gradle-plugin:expo-autolinking-settings-plugin:compileJava NO-SOURCE
> Task :expo-gradle-plugin:expo-autolinking-settings-plugin:classes UP-TO-DATE
> Task :expo-gradle-plugin:expo-autolinking-settings-plugin:jar UP-TO-DATE
> Task :expo-gradle-plugin:expo-autolinking-plugin:checkKotlinGradlePluginConfigurationErrors SKIPPED
> Task :gradle-plugin:react-native-gradle-plugin:checkKotlinGradlePluginConfigurationErrors SKIPPED
> Task :expo-module-gradle-plugin:checkKotlinGradlePluginConfigurationErrors SKIPPED
> Task :expo-updates-gradle-plugin:checkKotlinGradlePluginConfigurationErrors SKIPPED
> Task :expo-module-gradle-plugin:pluginDescriptors UP-TO-DATE
> Task :expo-updates-gradle-plugin:pluginDescriptors UP-TO-DATE
> Task :expo-module-gradle-plugin:processResources UP-TO-DATE
> Task :expo-updates-gradle-plugin:processResources UP-TO-DATE
> Task :expo-gradle-plugin:expo-autolinking-plugin:compileKotlin UP-TO-DATE
> Task :expo-gradle-plugin:expo-autolinking-plugin:compileJava NO-SOURCE
> Task :expo-gradle-plugin:expo-autolinking-plugin:pluginDescriptors UP-TO-DATE
> Task :expo-gradle-plugin:expo-autolinking-plugin:processResources UP-TO-DATE
> Task :expo-gradle-plugin:expo-autolinking-plugin:classes UP-TO-DATE
> Task :gradle-plugin:react-native-gradle-plugin:compileKotlin UP-TO-DATE
> Task :gradle-plugin:react-native-gradle-plugin:compileJava NO-SOURCE
> Task :expo-gradle-plugin:expo-autolinking-plugin:jar UP-TO-DATE
> Task :gradle-plugin:react-native-gradle-plugin:pluginDescriptors UP-TO-DATE
> Task :gradle-plugin:react-native-gradle-plugin:processResources UP-TO-DATE
> Task :gradle-plugin:react-native-gradle-plugin:classes UP-TO-DATE
> Task :gradle-plugin:react-native-gradle-plugin:jar UP-TO-DATE
> Task :expo-module-gradle-plugin:compileKotlin UP-TO-DATE
> Task :expo-module-gradle-plugin:compileJava NO-SOURCE
> Task :expo-module-gradle-plugin:classes UP-TO-DATE
> Task :expo-updates-gradle-plugin:compileKotlin UP-TO-DATE
> Task :expo-module-gradle-plugin:jar UP-TO-DATE
> Task :expo-updates-gradle-plugin:compileJava NO-SOURCE
> Task :expo-updates-gradle-plugin:classes UP-TO-DATE
> Task :expo-updates-gradle-plugin:jar UP-TO-DATE

> Configure project :app
 ??  [33mApplying gradle plugin[0m '[32mexpo-updates-gradle-plugin[0m'

> Configure project :
[32m[ExpoRootProject][0m Using the following versions:
  - buildTools:  [32m36.0.0[0m
  - minSdk:      [32m24[0m
  - compileSdk:  [32m36[0m
  - targetSdk:   [32m36[0m
  - ndk:         [32m27.1.12297006[0m
  - kotlin:      [32m2.1.20[0m
  - ksp:         [32m2.1.20-2.0.1[0m

> Configure project :expo-modules-core
WARNING: [CXX5101] NDK folder 'C:\Android\ndk\27.1.12297006' specified does not contain 'platforms'.
[CXX5101] NDK folder 'C:\Android\ndk\27.1.12297006' specified does not contain 'platforms'.
WARNING: [CXX5101] NDK folder 'C:\Android\ndk\27.1.12297006' specified does not contain 'platforms'.
[CXX5101] NDK folder 'C:\Android\ndk\27.1.12297006' specified does not contain 'platforms'.
WARNING: [CXX5101] NDK folder 'C:\Android\ndk\27.1.12297006' specified does not contain 'platforms'.
[CXX5101] NDK folder 'C:\Android\ndk\27.1.12297006' specified does not contain 'platforms'.
WARNING: [CXX5101] NDK folder 'C:\Android\ndk\27.1.12297006' specified does not contain 'platforms'.
[CXX5101] NDK folder 'C:\Android\ndk\27.1.12297006' specified does not contain 'platforms'.
WARNING: [CXX5101] NDK folder 'C:\Android\ndk\27.1.12297006' specified does not contain 'platforms'.
[CXX5101] NDK folder 'C:\Android\ndk\27.1.12297006' specified does not contain 'platforms'.
WARNING: [CXX5101] NDK folder 'C:\Android\ndk\27.1.12297006' specified does not contain 'platforms'.
[CXX5101] NDK folder 'C:\Android\ndk\27.1.12297006' specified does not contain 'platforms'.
WARNING: [CXX5101] NDK folder 'C:\Android\ndk\27.1.12297006' specified does not contain 'platforms'.
[CXX5101] NDK folder 'C:\Android\ndk\27.1.12297006' specified does not contain 'platforms'.
WARNING: [CXX5101] NDK folder 'C:\Android\ndk\27.1.12297006' specified does not contain 'platforms'.
[CXX5101] NDK folder 'C:\Android\ndk\27.1.12297006' specified does not contain 'platforms'.
WARNING: [CXX5101] NDK folder 'C:\Android\ndk\27.1.12297006' specified does not contain 'platforms'.
[CXX5101] NDK folder 'C:\Android\ndk\27.1.12297006' specified does not contain 'platforms'.
WARNING: [CXX5101] NDK folder 'C:\Android\ndk\27.1.12297006' specified does not contain 'platforms'.
[CXX5101] NDK folder 'C:\Android\ndk\27.1.12297006' specified does not contain 'platforms'.
WARNING: [CXX5101] NDK folder 'C:\Android\ndk\27.1.12297006' specified does not contain 'platforms'.
[CXX5101] NDK folder 'C:\Android\ndk\27.1.12297006' specified does not contain 'platforms'.
WARNING: [CXX5101] NDK folder 'C:\Android\ndk\27.1.12297006' specified does not contain 'platforms'.
[CXX5101] NDK folder 'C:\Android\ndk\27.1.12297006' specified does not contain 'platforms'.
WARNING: [CXX5101] NDK folder 'C:\Android\ndk\27.1.12297006' specified does not contain 'platforms'.
[CXX5101] NDK folder 'C:\Android\ndk\27.1.12297006' specified does not contain 'platforms'.
WARNING: [CXX5101] NDK folder 'C:\Android\ndk\27.1.12297006' specified does not contain 'platforms'.
[CXX5101] NDK folder 'C:\Android\ndk\27.1.12297006' specified does not contain 'platforms'.

> Configure project :expo

Using expo modules
  - [32mexpo-constants[0m (18.0.13)
  - [32mexpo-eas-client[0m (1.0.8)
  - [32mexpo-json-utils[0m (0.15.0)
  - [32mexpo-manifests[0m (1.0.10)
  - [32mexpo-modules-core[0m (3.0.29)
  - [32mexpo-structured-headers[0m (5.0.0)
  - [32mexpo-updates[0m (29.0.16)
  - [32mexpo-updates-interface[0m (2.0.0)
  - [33m[?][0m [32mexpo-application[0m (7.0.8)
  - [33m[?][0m [32mexpo-asset[0m (12.0.12)
  - [33m[?][0m [32mexpo-blur[0m (15.0.8)
  - [33m[?][0m [32mexpo-crypto[0m (15.0.8)
  - [33m[?][0m [32mexpo-file-system[0m (19.0.21)
  - [33m[?][0m [32mexpo-font[0m (14.0.11)
  - [33m[?][0m [32mexpo-haptics[0m (15.0.8)
  - [33m[?][0m [32mexpo-image[0m (3.0.11)
  - [33m[?][0m [32mexpo-image-loader[0m (6.0.0)
  - [33m[?][0m [32mexpo-image-picker[0m (17.0.10)
  - [33m[?][0m [32mexpo-keep-awake[0m (15.0.8)
  - [33m[?][0m [32mexpo-linear-gradient[0m (15.0.8)
  - [33m[?][0m [32mexpo-linking[0m (8.0.11)
  - [33m[?][0m [32mexpo-location[0m (19.0.8)
  - [33m[?][0m [32mexpo-notifications[0m (0.32.16)
  - [33m[?][0m [32mexpo-splash-screen[0m (31.0.13)
  - [33m[?][0m [32mexpo-system-ui[0m (6.0.9)
  - [33m[?][0m [32mexpo-web-browser[0m (15.0.10)


> Configure project :react-native-iap
[NitroModules] ? NitroIap is boosted by nitro!
WARNING: [CXX5101] NDK folder 'C:\Android\ndk\27.1.12297006' specified does not contain 'platforms'.
[CXX5101] NDK folder 'C:\Android\ndk\27.1.12297006' specified does not contain 'platforms'.
WARNING: [CXX5101] NDK folder 'C:\Android\ndk\27.1.12297006' specified does not contain 'platforms'.
[CXX5101] NDK folder 'C:\Android\ndk\27.1.12297006' specified does not contain 'platforms'.
WARNING: [CXX5101] NDK folder 'C:\Android\ndk\27.1.12297006' specified does not contain 'platforms'.
[CXX5101] NDK folder 'C:\Android\ndk\27.1.12297006' specified does not contain 'platforms'.
WARNING: [CXX5101] NDK folder 'C:\Android\ndk\27.1.12297006' specified does not contain 'platforms'.
[CXX5101] NDK folder 'C:\Android\ndk\27.1.12297006' specified does not contain 'platforms'.
WARNING: [CXX5101] NDK folder 'C:\Android\ndk\27.1.12297006' specified does not contain 'platforms'.
[CXX5101] NDK folder 'C:\Android\ndk\27.1.12297006' specified does not contain 'platforms'.
WARNING: [CXX5101] NDK folder 'C:\Android\ndk\27.1.12297006' specified does not contain 'platforms'.
[CXX5101] NDK folder 'C:\Android\ndk\27.1.12297006' specified does not contain 'platforms'.
WARNING: [CXX5101] NDK folder 'C:\Android\ndk\27.1.12297006' specified does not contain 'platforms'.
[CXX5101] NDK folder 'C:\Android\ndk\27.1.12297006' specified does not contain 'platforms'.
WARNING: [CXX5101] NDK folder 'C:\Android\ndk\27.1.12297006' specified does not contain 'platforms'.
[CXX5101] NDK folder 'C:\Android\ndk\27.1.12297006' specified does not contain 'platforms'.
WARNING: [CXX5101] NDK folder 'C:\Android\ndk\27.1.12297006' specified does not contain 'platforms'.
[CXX5101] NDK folder 'C:\Android\ndk\27.1.12297006' specified does not contain 'platforms'.
WARNING: [CXX5101] NDK folder 'C:\Android\ndk\27.1.12297006' specified does not contain 'platforms'.
[CXX5101] NDK folder 'C:\Android\ndk\27.1.12297006' specified does not contain 'platforms'.
WARNING: [CXX5101] NDK folder 'C:\Android\ndk\27.1.12297006' specified does not contain 'platforms'.
[CXX5101] NDK folder 'C:\Android\ndk\27.1.12297006' specified does not contain 'platforms'.
WARNING: [CXX5101] NDK folder 'C:\Android\ndk\27.1.12297006' specified does not contain 'platforms'.
[CXX5101] NDK folder 'C:\Android\ndk\27.1.12297006' specified does not contain 'platforms'.
WARNING: [CXX5101] NDK folder 'C:\Android\ndk\27.1.12297006' specified does not contain 'platforms'.
[CXX5101] NDK folder 'C:\Android\ndk\27.1.12297006' specified does not contain 'platforms'.
WARNING: [CXX5101] NDK folder 'C:\Android\ndk\27.1.12297006' specified does not contain 'platforms'.
[CXX5101] NDK folder 'C:\Android\ndk\27.1.12297006' specified does not contain 'platforms'.

> Configure project :react-native-worklets
WARNING: [CXX5101] NDK folder 'C:\Android\ndk\27.1.12297006' specified does not contain 'platforms'.
[CXX5101] NDK folder 'C:\Android\ndk\27.1.12297006' specified does not contain 'platforms'.
WARNING: [CXX5101] NDK folder 'C:\Android\ndk\27.1.12297006' specified does not contain 'platforms'.
[CXX5101] NDK folder 'C:\Android\ndk\27.1.12297006' specified does not contain 'platforms'.
WARNING: [CXX5101] NDK folder 'C:\Android\ndk\27.1.12297006' specified does not contain 'platforms'.
[CXX5101] NDK folder 'C:\Android\ndk\27.1.12297006' specified does not contain 'platforms'.
WARNING: [CXX5101] NDK folder 'C:\Android\ndk\27.1.12297006' specified does not contain 'platforms'.
[CXX5101] NDK folder 'C:\Android\ndk\27.1.12297006' specified does not contain 'platforms'.
WARNING: [CXX5101] NDK folder 'C:\Android\ndk\27.1.12297006' specified does not contain 'platforms'.
[CXX5101] NDK folder 'C:\Android\ndk\27.1.12297006' specified does not contain 'platforms'.
WARNING: [CXX5101] NDK folder 'C:\Android\ndk\27.1.12297006' specified does not contain 'platforms'.
[CXX5101] NDK folder 'C:\Android\ndk\27.1.12297006' specified does not contain 'platforms'.
WARNING: [CXX5101] NDK folder 'C:\Android\ndk\27.1.12297006' specified does not contain 'platforms'.
[CXX5101] NDK folder 'C:\Android\ndk\27.1.12297006' specified does not contain 'platforms'.
WARNING: [CXX5101] NDK folder 'C:\Android\ndk\27.1.12297006' specified does not contain 'platforms'.
[CXX5101] NDK folder 'C:\Android\ndk\27.1.12297006' specified does not contain 'platforms'.
WARNING: [CXX5101] NDK folder 'C:\Android\ndk\27.1.12297006' specified does not contain 'platforms'.
[CXX5101] NDK folder 'C:\Android\ndk\27.1.12297006' specified does not contain 'platforms'.
WARNING: [CXX5101] NDK folder 'C:\Android\ndk\27.1.12297006' specified does not contain 'platforms'.
[CXX5101] NDK folder 'C:\Android\ndk\27.1.12297006' specified does not contain 'platforms'.
WARNING: [CXX5101] NDK folder 'C:\Android\ndk\27.1.12297006' specified does not contain 'platforms'.
[CXX5101] NDK folder 'C:\Android\ndk\27.1.12297006' specified does not contain 'platforms'.
WARNING: [CXX5101] NDK folder 'C:\Android\ndk\27.1.12297006' specified does not contain 'platforms'.
[CXX5101] NDK folder 'C:\Android\ndk\27.1.12297006' specified does not contain 'platforms'.
WARNING: [CXX5101] NDK folder 'C:\Android\ndk\27.1.12297006' specified does not contain 'platforms'.
[CXX5101] NDK folder 'C:\Android\ndk\27.1.12297006' specified does not contain 'platforms'.
WARNING: [CXX5101] NDK folder 'C:\Android\ndk\27.1.12297006' specified does not contain 'platforms'.
[CXX5101] NDK folder 'C:\Android\ndk\27.1.12297006' specified does not contain 'platforms'.

> Configure project :react-native-reanimated
WARNING: [CXX5101] NDK folder 'C:\Android\ndk\27.1.12297006' specified does not contain 'platforms'.
[CXX5101] NDK folder 'C:\Android\ndk\27.1.12297006' specified does not contain 'platforms'.
WARNING: [CXX5101] NDK folder 'C:\Android\ndk\27.1.12297006' specified does not contain 'platforms'.
[CXX5101] NDK folder 'C:\Android\ndk\27.1.12297006' specified does not contain 'platforms'.
WARNING: [CXX5101] NDK folder 'C:\Android\ndk\27.1.12297006' specified does not contain 'platforms'.
[CXX5101] NDK folder 'C:\Android\ndk\27.1.12297006' specified does not contain 'platforms'.
WARNING: [CXX5101] NDK folder 'C:\Android\ndk\27.1.12297006' specified does not contain 'platforms'.
[CXX5101] NDK folder 'C:\Android\ndk\27.1.12297006' specified does not contain 'platforms'.
WARNING: [CXX5101] NDK folder 'C:\Android\ndk\27.1.12297006' specified does not contain 'platforms'.
[CXX5101] NDK folder 'C:\Android\ndk\27.1.12297006' specified does not contain 'platforms'.
WARNING: [CXX5101] NDK folder 'C:\Android\ndk\27.1.12297006' specified does not contain 'platforms'.
[CXX5101] NDK folder 'C:\Android\ndk\27.1.12297006' specified does not contain 'platforms'.
WARNING: [CXX5101] NDK folder 'C:\Android\ndk\27.1.12297006' specified does not contain 'platforms'.
[CXX5101] NDK folder 'C:\Android\ndk\27.1.12297006' specified does not contain 'platforms'.
WARNING: [CXX5101] NDK folder 'C:\Android\ndk\27.1.12297006' specified does not contain 'platforms'.
[CXX5101] NDK folder 'C:\Android\ndk\27.1.12297006' specified does not contain 'platforms'.
WARNING: [CXX5101] NDK folder 'C:\Android\ndk\27.1.12297006' specified does not contain 'platforms'.
[CXX5101] NDK folder 'C:\Android\ndk\27.1.12297006' specified does not contain 'platforms'.
WARNING: [CXX5101] NDK folder 'C:\Android\ndk\27.1.12297006' specified does not contain 'platforms'.
[CXX5101] NDK folder 'C:\Android\ndk\27.1.12297006' specified does not contain 'platforms'.
WARNING: [CXX5101] NDK folder 'C:\Android\ndk\27.1.12297006' specified does not contain 'platforms'.
[CXX5101] NDK folder 'C:\Android\ndk\27.1.12297006' specified does not contain 'platforms'.
WARNING: [CXX5101] NDK folder 'C:\Android\ndk\27.1.12297006' specified does not contain 'platforms'.
[CXX5101] NDK folder 'C:\Android\ndk\27.1.12297006' specified does not contain 'platforms'.
WARNING: [CXX5101] NDK folder 'C:\Android\ndk\27.1.12297006' specified does not contain 'platforms'.
[CXX5101] NDK folder 'C:\Android\ndk\27.1.12297006' specified does not contain 'platforms'.
WARNING: [CXX5101] NDK folder 'C:\Android\ndk\27.1.12297006' specified does not contain 'platforms'.
[CXX5101] NDK folder 'C:\Android\ndk\27.1.12297006' specified does not contain 'platforms'.

> Configure project :react-native-screens
WARNING: [CXX5101] NDK folder 'C:\Android\ndk\27.1.12297006' specified does not contain 'platforms'.
[CXX5101] NDK folder 'C:\Android\ndk\27.1.12297006' specified does not contain 'platforms'.
WARNING: [CXX5101] NDK folder 'C:\Android\ndk\27.1.12297006' specified does not contain 'platforms'.
[CXX5101] NDK folder 'C:\Android\ndk\27.1.12297006' specified does not contain 'platforms'.
WARNING: [CXX5101] NDK folder 'C:\Android\ndk\27.1.12297006' specified does not contain 'platforms'.
[CXX5101] NDK folder 'C:\Android\ndk\27.1.12297006' specified does not contain 'platforms'.
WARNING: [CXX5101] NDK folder 'C:\Android\ndk\27.1.12297006' specified does not contain 'platforms'.
[CXX5101] NDK folder 'C:\Android\ndk\27.1.12297006' specified does not contain 'platforms'.
WARNING: [CXX5101] NDK folder 'C:\Android\ndk\27.1.12297006' specified does not contain 'platforms'.
[CXX5101] NDK folder 'C:\Android\ndk\27.1.12297006' specified does not contain 'platforms'.
WARNING: [CXX5101] NDK folder 'C:\Android\ndk\27.1.12297006' specified does not contain 'platforms'.
[CXX5101] NDK folder 'C:\Android\ndk\27.1.12297006' specified does not contain 'platforms'.
WARNING: [CXX5101] NDK folder 'C:\Android\ndk\27.1.12297006' specified does not contain 'platforms'.
[CXX5101] NDK folder 'C:\Android\ndk\27.1.12297006' specified does not contain 'platforms'.
WARNING: [CXX5101] NDK folder 'C:\Android\ndk\27.1.12297006' specified does not contain 'platforms'.
[CXX5101] NDK folder 'C:\Android\ndk\27.1.12297006' specified does not contain 'platforms'.
WARNING: [CXX5101] NDK folder 'C:\Android\ndk\27.1.12297006' specified does not contain 'platforms'.
[CXX5101] NDK folder 'C:\Android\ndk\27.1.12297006' specified does not contain 'platforms'.
WARNING: [CXX5101] NDK folder 'C:\Android\ndk\27.1.12297006' specified does not contain 'platforms'.
[CXX5101] NDK folder 'C:\Android\ndk\27.1.12297006' specified does not contain 'platforms'.
WARNING: [CXX5101] NDK folder 'C:\Android\ndk\27.1.12297006' specified does not contain 'platforms'.
[CXX5101] NDK folder 'C:\Android\ndk\27.1.12297006' specified does not contain 'platforms'.
WARNING: [CXX5101] NDK folder 'C:\Android\ndk\27.1.12297006' specified does not contain 'platforms'.
[CXX5101] NDK folder 'C:\Android\ndk\27.1.12297006' specified does not contain 'platforms'.
WARNING: [CXX5101] NDK folder 'C:\Android\ndk\27.1.12297006' specified does not contain 'platforms'.
[CXX5101] NDK folder 'C:\Android\ndk\27.1.12297006' specified does not contain 'platforms'.
WARNING: [CXX5101] NDK folder 'C:\Android\ndk\27.1.12297006' specified does not contain 'platforms'.
[CXX5101] NDK folder 'C:\Android\ndk\27.1.12297006' specified does not contain 'platforms'.

> Task :expo-eas-client:clean
> Task :expo-constants:clean
> Task :app:clean
> Task :expo:clean
> Task :expo-modules-core:externalNativeBuildCleanDebug
> Task :expo-modules-core:externalNativeBuildCleanRelease
> Task :expo-json-utils:clean
> Task :expo-structured-headers:clean
> Task :expo-manifests:clean
> Task :expo-modules-core:clean
> Task :expo-updates-interface:clean
> Task :expo-updates:clean
> Task :react-native-iap:externalNativeBuildCleanDebug
> Task :react-native-iap:externalNativeBuildCleanRelease
> Task :react-native-iap:clean
> Task :react-native-reanimated:cleanCmakeCache
> Task :react-native-reanimated:externalNativeBuildCleanDebug
> Task :react-native-reanimated:externalNativeBuildCleanRelease
> Task :react-native-async-storage_async-storage:clean
> Task :react-native-gesture-handler:clean
> Task :react-native-screens:externalNativeBuildCleanDebug
> Task :react-native-screens:externalNativeBuildCleanRelease
> Task :react-native-keyboard-controller:clean
> Task :react-native-safe-area-context:clean
> Task :react-native-worklets:cleanCmakeCache
> Task :react-native-worklets:externalNativeBuildCleanDebug
> Task :react-native-worklets:externalNativeBuildCleanRelease
> Task :react-native-worklets:clean
> Task :react-native-screens:clean
> Task :app:generateAutolinkingPackageList
> Task :app:generateCodegenSchemaFromJavaScript SKIPPED
> Task :app:generateCodegenArtifactsFromSchema SKIPPED
> Task :app:generateReactNativeEntryPoint
> Task :react-native-svg:clean
> Task :expo-eas-client:preBuild UP-TO-DATE
> Task :expo-json-utils:preBuild UP-TO-DATE
> Task :expo-manifests:preBuild UP-TO-DATE
> Task :expo-modules-core:preBuild UP-TO-DATE
> Task :expo-structured-headers:preBuild UP-TO-DATE
> Task :expo-updates:preBuild UP-TO-DATE
> Task :expo-updates-interface:preBuild UP-TO-DATE
> Task :react-native-async-storage_async-storage:preBuild UP-TO-DATE
> Task :react-native-gesture-handler:preBuild UP-TO-DATE
> Task :react-native-iap:preBuild UP-TO-DATE
> Task :react-native-keyboard-controller:preBuild UP-TO-DATE
> Task :react-native-safe-area-context:preBuild UP-TO-DATE
> Task :react-native-screens:preBuild UP-TO-DATE
> Task :react-native-svg:preBuild UP-TO-DATE
> Task :react-native-reanimated:clean
> Task :react-native-reanimated:assertMinimalReactNativeVersionTask
> Task :react-native-worklets:assertMinimalReactNativeVersionTask
> Task :react-native-worklets:assertNewArchitectureEnabledTask FAILED
> Task :react-native-reanimated:assertNewArchitectureEnabledTask FAILED

> Task :expo-constants:createExpoConfig
.\gradlew.bat : The NODE_ENV environment variable is required but was not specified. Ensure the project is 
bundled with Expo CLI or NODE_ENV is set. Using only .env.local and .env
At line:1 char:96
+ ... tion-Hub-1\android"; .\gradlew.bat clean assembleRelease 2>&1 | Out-F ...
+                          ~~~~~~~~~~~~~~~~~~~~~~~~~~~~~~~~~~~~~~~~
    + CategoryInfo          : NotSpecified: (The NODE_ENV en....local and .env:String) [], RemoteException
    + FullyQualifiedErrorId : NativeCommandError
 
env: load .env.local .env
env: export ADMIN_SETUP_TOKEN DATABASE_URL NODE_ENV PORT EXPO_PUBLIC_DOMAIN

> Task :expo:generatePackagesList

[Incubating] Problems report is available at: file:///C:/Users/MY%20COMPUTER/Downloads/Global-Affirmation-Hub-1/Global-Affirmation-Hub-1/android/build/reports/problems/problems-report.html

FAILURE: Build completed with 2 failures.

1: Task failed with an exception.
-----------
* Where:
Build file 'C:\Users\MY COMPUTER\Downloads\Global-Affirmation-Hub-1\Global-Affirmation-Hub-1\node_modules\reac
t-native-worklets\android\build.gradle' line: 314

* What went wrong:
Execution failed for task ':react-native-worklets:assertNewArchitectureEnabledTask'.
> [Worklets] Worklets require new architecture to be enabled. Please enable it by setting `newArchEnabled` to 
`true` in `gradle.properties`.

* Try:
> Run with --stacktrace option to get the stack trace.
> Run with --info or --debug option to get more log output.
> Run with --scan to get full insights.
> Get more help at https://help.gradle.org.
==============================================================================

2: Task failed with an exception.
-----------
* Where:
Build file 'C:\Users\MY COMPUTER\Downloads\Global-Affirmation-Hub-1\Global-Affirmation-Hub-1\node_modules\reac
t-native-reanimated\android\build.gradle' line: 298

* What went wrong:
Execution failed for task ':react-native-reanimated:assertNewArchitectureEnabledTask'.
> [Reanimated] Reanimated requires new architecture to be enabled. Please enable it by setting 
`newArchEnabled` to `true` in `gradle.properties`.

* Try:
> Run with --stacktrace option to get the stack trace.
> Run with --info or --debug option to get more log output.
> Run with --scan to get full insights.
> Get more help at https://help.gradle.org.
==============================================================================

Deprecated Gradle features were used in this build, making it incompatible with Gradle 9.0.

You can use '--warning-mode all' to show the individual deprecation warnings and determine if they come from your own scripts or plugins.

For more on this, please refer to https://docs.gradle.org/8.14.3/userguide/command_line_interface.html#sec:command_line_warnings in the Gradle documentation.

BUILD FAILED in 17s
67 actionable tasks: 39 executed, 28 up-to-date
