> Task :gradle-plugin:settings-plugin:checkKotlinGradlePluginConfigurationErrors SKIPPED
> Task :gradle-plugin:shared:checkKotlinGradlePluginConfigurationErrors SKIPPED
> Task :expo-gradle-plugin:expo-autolinking-settings-plugin:checkKotlinGradlePluginConfigurationErrors SKIPPED
> Task :expo-gradle-plugin:expo-autolinking-plugin-shared:checkKotlinGradlePluginConfigurationErrors SKIPPED
> Task :gradle-plugin:settings-plugin:pluginDescriptors
> Task :expo-gradle-plugin:expo-autolinking-settings-plugin:pluginDescriptors
> Task :gradle-plugin:settings-plugin:processResources
> Task :expo-gradle-plugin:expo-autolinking-settings-plugin:processResources
> Task :gradle-plugin:shared:processResources NO-SOURCE
> Task :expo-gradle-plugin:expo-autolinking-plugin-shared:processResources NO-SOURCE
> Task :gradle-plugin:shared:compileKotlin
> Task :gradle-plugin:shared:compileJava NO-SOURCE
> Task :gradle-plugin:shared:classes UP-TO-DATE
> Task :gradle-plugin:shared:jar
> Task :expo-gradle-plugin:expo-autolinking-plugin-shared:compileKotlin
> Task :expo-gradle-plugin:expo-autolinking-plugin-shared:compileJava NO-SOURCE
> Task :expo-gradle-plugin:expo-autolinking-plugin-shared:classes UP-TO-DATE
> Task :expo-gradle-plugin:expo-autolinking-plugin-shared:jar
> Task :gradle-plugin:settings-plugin:compileKotlin
> Task :gradle-plugin:settings-plugin:compileJava NO-SOURCE
> Task :gradle-plugin:settings-plugin:classes
> Task :gradle-plugin:settings-plugin:jar
> Task :expo-gradle-plugin:expo-autolinking-settings-plugin:compileKotlin
> Task :expo-gradle-plugin:expo-autolinking-settings-plugin:compileJava NO-SOURCE
> Task :expo-gradle-plugin:expo-autolinking-settings-plugin:classes
> Task :expo-gradle-plugin:expo-autolinking-settings-plugin:jar
> Task :expo-gradle-plugin:expo-autolinking-plugin:checkKotlinGradlePluginConfigurationErrors SKIPPED
> Task :gradle-plugin:react-native-gradle-plugin:checkKotlinGradlePluginConfigurationErrors SKIPPED
> Task :expo-module-gradle-plugin:checkKotlinGradlePluginConfigurationErrors SKIPPED
> Task :expo-updates-gradle-plugin:checkKotlinGradlePluginConfigurationErrors SKIPPED
> Task :expo-module-gradle-plugin:pluginDescriptors
> Task :expo-updates-gradle-plugin:pluginDescriptors
> Task :expo-module-gradle-plugin:processResources
> Task :expo-updates-gradle-plugin:processResources
> Task :expo-gradle-plugin:expo-autolinking-plugin:pluginDescriptors
> Task :expo-gradle-plugin:expo-autolinking-plugin:processResources
> Task :gradle-plugin:react-native-gradle-plugin:pluginDescriptors
> Task :gradle-plugin:react-native-gradle-plugin:processResources
> Task :expo-gradle-plugin:expo-autolinking-plugin:compileKotlin
> Task :expo-gradle-plugin:expo-autolinking-plugin:compileJava NO-SOURCE
> Task :expo-gradle-plugin:expo-autolinking-plugin:classes
> Task :expo-gradle-plugin:expo-autolinking-plugin:jar
> Task :gradle-plugin:react-native-gradle-plugin:compileKotlin
> Task :gradle-plugin:react-native-gradle-plugin:compileJava NO-SOURCE
> Task :gradle-plugin:react-native-gradle-plugin:classes
> Task :gradle-plugin:react-native-gradle-plugin:jar

> Task :expo-module-gradle-plugin:compileKotlin
w: file:///C:/Users/MY%20COMPUTER/Downloads/Global-Affirmation-Hub-1/Global-Affirmation-Hub-1/node_modules/expo-modules-core/expo-module-gradle-plugin/src/main/kotlin/expo/modules/plugin/android/AndroidLibraryExtension.kt:9:24 'var targetSdk: Int?' is deprecated. Will be removed from library DSL in v9.0. Use testOptions.targetSdk or/and lint.targetSdk instead.

> Task :expo-module-gradle-plugin:compileJava NO-SOURCE
> Task :expo-module-gradle-plugin:classes
> Task :expo-module-gradle-plugin:jar
> Task :expo-updates-gradle-plugin:compileKotlin
> Task :expo-updates-gradle-plugin:compileJava NO-SOURCE
> Task :expo-updates-gradle-plugin:classes
> Task :expo-updates-gradle-plugin:jar

> Configure project :
[32m[ExpoRootProject][0m Using the following versions:
  - buildTools:  [32m36.0.0[0m
  - minSdk:      [32m24[0m
  - compileSdk:  [32m36[0m
  - targetSdk:   [32m36[0m
  - ndk:         [32m27.1.12297006[0m
  - kotlin:      [32m2.1.20[0m
  - ksp:         [32m2.1.20-2.0.1[0m

> Configure project :app
 ??  [33mApplying gradle plugin[0m '[32mexpo-updates-gradle-plugin[0m'
WARNING: [CXX5101] NDK folder 'C:\Android\ndk\27.1.12297006' specified does not contain 'platforms'.
[CXX5101] NDK folder 'C:\Android\ndk\27.1.12297006' specified does not contain 'platforms'.
WARNING: [CXX5101] NDK folder 'C:\Android\ndk\27.1.12297006' specified does not contain 'platforms'.
[CXX5101] NDK folder 'C:\Android\ndk\27.1.12297006' specified does not contain 'platforms'.
WARNING: [CXX5101] NDK folder 'C:\Android\ndk\27.1.12297006' specified does not contain 'platforms'.
[CXX5101] NDK folder 'C:\Android\ndk\27.1.12297006' specified does not contain 'platforms'.
WARNING: [CXX5101] NDK folder 'C:\Android\ndk\27.1.12297006' specified does not contain 'platforms'.
[CXX5101] NDK folder 'C:\Android\ndk\27.1.12297006' specified does not contain 'platforms'.
WARNING: [CXX5101] NDK folder 'C:\Android\ndk\27.1.12297006' specified does not contain 'platforms'.
[CXX5101] NDK folder 'C:\Android\ndk\27.1.12297006' specified does not contain 'platforms'.
WARNING: [CXX5101] NDK folder 'C:\Android\ndk\27.1.12297006' specified does not contain 'platforms'.
[CXX5101] NDK folder 'C:\Android\ndk\27.1.12297006' specified does not contain 'platforms'.
WARNING: [CXX5101] NDK folder 'C:\Android\ndk\27.1.12297006' specified does not contain 'platforms'.
[CXX5101] NDK folder 'C:\Android\ndk\27.1.12297006' specified does not contain 'platforms'.
WARNING: [CXX5101] NDK folder 'C:\Android\ndk\27.1.12297006' specified does not contain 'platforms'.
[CXX5101] NDK folder 'C:\Android\ndk\27.1.12297006' specified does not contain 'platforms'.
WARNING: [CXX5101] NDK folder 'C:\Android\ndk\27.1.12297006' specified does not contain 'platforms'.
[CXX5101] NDK folder 'C:\Android\ndk\27.1.12297006' specified does not contain 'platforms'.
WARNING: [CXX5101] NDK folder 'C:\Android\ndk\27.1.12297006' specified does not contain 'platforms'.
[CXX5101] NDK folder 'C:\Android\ndk\27.1.12297006' specified does not contain 'platforms'.
WARNING: [CXX5101] NDK folder 'C:\Android\ndk\27.1.12297006' specified does not contain 'platforms'.
[CXX5101] NDK folder 'C:\Android\ndk\27.1.12297006' specified does not contain 'platforms'.
WARNING: [CXX5101] NDK folder 'C:\Android\ndk\27.1.12297006' specified does not contain 'platforms'.
[CXX5101] NDK folder 'C:\Android\ndk\27.1.12297006' specified does not contain 'platforms'.
WARNING: [CXX5101] NDK folder 'C:\Android\ndk\27.1.12297006' specified does not contain 'platforms'.
[CXX5101] NDK folder 'C:\Android\ndk\27.1.12297006' specified does not contain 'platforms'.
WARNING: [CXX5101] NDK folder 'C:\Android\ndk\27.1.12297006' specified does not contain 'platforms'.
[CXX5101] NDK folder 'C:\Android\ndk\27.1.12297006' specified does not contain 'platforms'.
WARNING: [CXX5101] NDK folder 'C:\Android\ndk\27.1.12297006' specified does not contain 'platforms'.
[CXX5101] NDK folder 'C:\Android\ndk\27.1.12297006' specified does not contain 'platforms'.
WARNING: [CXX5101] NDK folder 'C:\Android\ndk\27.1.12297006' specified does not contain 'platforms'.
[CXX5101] NDK folder 'C:\Android\ndk\27.1.12297006' specified does not contain 'platforms'.
WARNING: [CXX5101] NDK folder 'C:\Android\ndk\27.1.12297006' specified does not contain 'platforms'.
[CXX5101] NDK folder 'C:\Android\ndk\27.1.12297006' specified does not contain 'platforms'.
WARNING: [CXX5101] NDK folder 'C:\Android\ndk\27.1.12297006' specified does not contain 'platforms'.
[CXX5101] NDK folder 'C:\Android\ndk\27.1.12297006' specified does not contain 'platforms'.
WARNING: [CXX5101] NDK folder 'C:\Android\ndk\27.1.12297006' specified does not contain 'platforms'.
[CXX5101] NDK folder 'C:\Android\ndk\27.1.12297006' specified does not contain 'platforms'.
WARNING: [CXX5101] NDK folder 'C:\Android\ndk\27.1.12297006' specified does not contain 'platforms'.
[CXX5101] NDK folder 'C:\Android\ndk\27.1.12297006' specified does not contain 'platforms'.
WARNING: [CXX5101] NDK folder 'C:\Android\ndk\27.1.12297006' specified does not contain 'platforms'.
[CXX5101] NDK folder 'C:\Android\ndk\27.1.12297006' specified does not contain 'platforms'.

> Configure project :expo-modules-core
WARNING: [CXX5101] NDK folder 'C:\Android\ndk\27.1.12297006' specified does not contain 'platforms'.
[CXX5101] NDK folder 'C:\Android\ndk\27.1.12297006' specified does not contain 'platforms'.
WARNING: [CXX5101] NDK folder 'C:\Android\ndk\27.1.12297006' specified does not contain 'platforms'.
[CXX5101] NDK folder 'C:\Android\ndk\27.1.12297006' specified does not contain 'platforms'.
WARNING: [CXX5101] NDK folder 'C:\Android\ndk\27.1.12297006' specified does not contain 'platforms'.
[CXX5101] NDK folder 'C:\Android\ndk\27.1.12297006' specified does not contain 'platforms'.
WARNING: [CXX5101] NDK folder 'C:\Android\ndk\27.1.12297006' specified does not contain 'platforms'.
[CXX5101] NDK folder 'C:\Android\ndk\27.1.12297006' specified does not contain 'platforms'.
WARNING: [CXX5101] NDK folder 'C:\Android\ndk\27.1.12297006' specified does not contain 'platforms'.
[CXX5101] NDK folder 'C:\Android\ndk\27.1.12297006' specified does not contain 'platforms'.
WARNING: [CXX5101] NDK folder 'C:\Android\ndk\27.1.12297006' specified does not contain 'platforms'.
[CXX5101] NDK folder 'C:\Android\ndk\27.1.12297006' specified does not contain 'platforms'.
WARNING: [CXX5101] NDK folder 'C:\Android\ndk\27.1.12297006' specified does not contain 'platforms'.
[CXX5101] NDK folder 'C:\Android\ndk\27.1.12297006' specified does not contain 'platforms'.
WARNING: [CXX5101] NDK folder 'C:\Android\ndk\27.1.12297006' specified does not contain 'platforms'.
[CXX5101] NDK folder 'C:\Android\ndk\27.1.12297006' specified does not contain 'platforms'.
WARNING: [CXX5101] NDK folder 'C:\Android\ndk\27.1.12297006' specified does not contain 'platforms'.
[CXX5101] NDK folder 'C:\Android\ndk\27.1.12297006' specified does not contain 'platforms'.
WARNING: [CXX5101] NDK folder 'C:\Android\ndk\27.1.12297006' specified does not contain 'platforms'.
[CXX5101] NDK folder 'C:\Android\ndk\27.1.12297006' specified does not contain 'platforms'.
WARNING: [CXX5101] NDK folder 'C:\Android\ndk\27.1.12297006' specified does not contain 'platforms'.
[CXX5101] NDK folder 'C:\Android\ndk\27.1.12297006' specified does not contain 'platforms'.
WARNING: [CXX5101] NDK folder 'C:\Android\ndk\27.1.12297006' specified does not contain 'platforms'.
[CXX5101] NDK folder 'C:\Android\ndk\27.1.12297006' specified does not contain 'platforms'.
WARNING: [CXX5101] NDK folder 'C:\Android\ndk\27.1.12297006' specified does not contain 'platforms'.
[CXX5101] NDK folder 'C:\Android\ndk\27.1.12297006' specified does not contain 'platforms'.
WARNING: [CXX5101] NDK folder 'C:\Android\ndk\27.1.12297006' specified does not contain 'platforms'.
[CXX5101] NDK folder 'C:\Android\ndk\27.1.12297006' specified does not contain 'platforms'.

> Configure project :expo

Using expo modules
  - [32mexpo-constants[0m (18.0.13)
  - [32mexpo-eas-client[0m (1.0.8)
  - [32mexpo-json-utils[0m (0.15.0)
  - [32mexpo-manifests[0m (1.0.10)
  - [32mexpo-modules-core[0m (3.0.29)
  - [32mexpo-structured-headers[0m (5.0.0)
  - [32mexpo-updates[0m (29.0.16)
  - [32mexpo-updates-interface[0m (2.0.0)
  - [33m[?][0m [32mexpo-application[0m (7.0.8)
  - [33m[?][0m [32mexpo-asset[0m (12.0.12)
  - [33m[?][0m [32mexpo-blur[0m (15.0.8)
  - [33m[?][0m [32mexpo-crypto[0m (15.0.8)
  - [33m[?][0m [32mexpo-file-system[0m (19.0.21)
  - [33m[?][0m [32mexpo-font[0m (14.0.11)
  - [33m[?][0m [32mexpo-haptics[0m (15.0.8)
  - [33m[?][0m [32mexpo-image[0m (3.0.11)
  - [33m[?][0m [32mexpo-image-loader[0m (6.0.0)
  - [33m[?][0m [32mexpo-image-picker[0m (17.0.10)
  - [33m[?][0m [32mexpo-keep-awake[0m (15.0.8)
  - [33m[?][0m [32mexpo-linear-gradient[0m (15.0.8)
  - [33m[?][0m [32mexpo-linking[0m (8.0.11)
  - [33m[?][0m [32mexpo-location[0m (19.0.8)
  - [33m[?][0m [32mexpo-notifications[0m (0.32.16)
  - [33m[?][0m [32mexpo-splash-screen[0m (31.0.13)
  - [33m[?][0m [32mexpo-system-ui[0m (6.0.9)
  - [33m[?][0m [32mexpo-web-browser[0m (15.0.10)


> Configure project :react-native-gesture-handler
WARNING: [CXX5101] NDK folder 'C:\Android\ndk\27.1.12297006' specified does not contain 'platforms'.
[CXX5101] NDK folder 'C:\Android\ndk\27.1.12297006' specified does not contain 'platforms'.
WARNING: [CXX5101] NDK folder 'C:\Android\ndk\27.1.12297006' specified does not contain 'platforms'.
[CXX5101] NDK folder 'C:\Android\ndk\27.1.12297006' specified does not contain 'platforms'.
WARNING: [CXX5101] NDK folder 'C:\Android\ndk\27.1.12297006' specified does not contain 'platforms'.
[CXX5101] NDK folder 'C:\Android\ndk\27.1.12297006' specified does not contain 'platforms'.
WARNING: [CXX5101] NDK folder 'C:\Android\ndk\27.1.12297006' specified does not contain 'platforms'.
[CXX5101] NDK folder 'C:\Android\ndk\27.1.12297006' specified does not contain 'platforms'.
WARNING: [CXX5101] NDK folder 'C:\Android\ndk\27.1.12297006' specified does not contain 'platforms'.
[CXX5101] NDK folder 'C:\Android\ndk\27.1.12297006' specified does not contain 'platforms'.
WARNING: [CXX5101] NDK folder 'C:\Android\ndk\27.1.12297006' specified does not contain 'platforms'.
[CXX5101] NDK folder 'C:\Android\ndk\27.1.12297006' specified does not contain 'platforms'.
WARNING: [CXX5101] NDK folder 'C:\Android\ndk\27.1.12297006' specified does not contain 'platforms'.
[CXX5101] NDK folder 'C:\Android\ndk\27.1.12297006' specified does not contain 'platforms'.
WARNING: [CXX5101] NDK folder 'C:\Android\ndk\27.1.12297006' specified does not contain 'platforms'.
[CXX5101] NDK folder 'C:\Android\ndk\27.1.12297006' specified does not contain 'platforms'.
WARNING: [CXX5101] NDK folder 'C:\Android\ndk\27.1.12297006' specified does not contain 'platforms'.
[CXX5101] NDK folder 'C:\Android\ndk\27.1.12297006' specified does not contain 'platforms'.
WARNING: [CXX5101] NDK folder 'C:\Android\ndk\27.1.12297006' specified does not contain 'platforms'.
[CXX5101] NDK folder 'C:\Android\ndk\27.1.12297006' specified does not contain 'platforms'.
WARNING: [CXX5101] NDK folder 'C:\Android\ndk\27.1.12297006' specified does not contain 'platforms'.
[CXX5101] NDK folder 'C:\Android\ndk\27.1.12297006' specified does not contain 'platforms'.
WARNING: [CXX5101] NDK folder 'C:\Android\ndk\27.1.12297006' specified does not contain 'platforms'.
[CXX5101] NDK folder 'C:\Android\ndk\27.1.12297006' specified does not contain 'platforms'.
WARNING: [CXX5101] NDK folder 'C:\Android\ndk\27.1.12297006' specified does not contain 'platforms'.
[CXX5101] NDK folder 'C:\Android\ndk\27.1.12297006' specified does not contain 'platforms'.
WARNING: [CXX5101] NDK folder 'C:\Android\ndk\27.1.12297006' specified does not contain 'platforms'.
[CXX5101] NDK folder 'C:\Android\ndk\27.1.12297006' specified does not contain 'platforms'.

> Configure project :react-native-iap
[NitroModules] ? NitroIap is boosted by nitro!
WARNING: [CXX5101] NDK folder 'C:\Android\ndk\27.1.12297006' specified does not contain 'platforms'.
[CXX5101] NDK folder 'C:\Android\ndk\27.1.12297006' specified does not contain 'platforms'.
WARNING: [CXX5101] NDK folder 'C:\Android\ndk\27.1.12297006' specified does not contain 'platforms'.
[CXX5101] NDK folder 'C:\Android\ndk\27.1.12297006' specified does not contain 'platforms'.
WARNING: [CXX5101] NDK folder 'C:\Android\ndk\27.1.12297006' specified does not contain 'platforms'.
[CXX5101] NDK folder 'C:\Android\ndk\27.1.12297006' specified does not contain 'platforms'.
WARNING: [CXX5101] NDK folder 'C:\Android\ndk\27.1.12297006' specified does not contain 'platforms'.
[CXX5101] NDK folder 'C:\Android\ndk\27.1.12297006' specified does not contain 'platforms'.
WARNING: [CXX5101] NDK folder 'C:\Android\ndk\27.1.12297006' specified does not contain 'platforms'.
[CXX5101] NDK folder 'C:\Android\ndk\27.1.12297006' specified does not contain 'platforms'.
WARNING: [CXX5101] NDK folder 'C:\Android\ndk\27.1.12297006' specified does not contain 'platforms'.
[CXX5101] NDK folder 'C:\Android\ndk\27.1.12297006' specified does not contain 'platforms'.
WARNING: [CXX5101] NDK folder 'C:\Android\ndk\27.1.12297006' specified does not contain 'platforms'.
[CXX5101] NDK folder 'C:\Android\ndk\27.1.12297006' specified does not contain 'platforms'.
WARNING: [CXX5101] NDK folder 'C:\Android\ndk\27.1.12297006' specified does not contain 'platforms'.
[CXX5101] NDK folder 'C:\Android\ndk\27.1.12297006' specified does not contain 'platforms'.
WARNING: [CXX5101] NDK folder 'C:\Android\ndk\27.1.12297006' specified does not contain 'platforms'.
[CXX5101] NDK folder 'C:\Android\ndk\27.1.12297006' specified does not contain 'platforms'.
WARNING: [CXX5101] NDK folder 'C:\Android\ndk\27.1.12297006' specified does not contain 'platforms'.
[CXX5101] NDK folder 'C:\Android\ndk\27.1.12297006' specified does not contain 'platforms'.
WARNING: [CXX5101] NDK folder 'C:\Android\ndk\27.1.12297006' specified does not contain 'platforms'.
[CXX5101] NDK folder 'C:\Android\ndk\27.1.12297006' specified does not contain 'platforms'.
WARNING: [CXX5101] NDK folder 'C:\Android\ndk\27.1.12297006' specified does not contain 'platforms'.
[CXX5101] NDK folder 'C:\Android\ndk\27.1.12297006' specified does not contain 'platforms'.
WARNING: [CXX5101] NDK folder 'C:\Android\ndk\27.1.12297006' specified does not contain 'platforms'.
[CXX5101] NDK folder 'C:\Android\ndk\27.1.12297006' specified does not contain 'platforms'.
WARNING: [CXX5101] NDK folder 'C:\Android\ndk\27.1.12297006' specified does not contain 'platforms'.
[CXX5101] NDK folder 'C:\Android\ndk\27.1.12297006' specified does not contain 'platforms'.

> Configure project :react-native-worklets
WARNING: [CXX5101] NDK folder 'C:\Android\ndk\27.1.12297006' specified does not contain 'platforms'.
[CXX5101] NDK folder 'C:\Android\ndk\27.1.12297006' specified does not contain 'platforms'.
WARNING: [CXX5101] NDK folder 'C:\Android\ndk\27.1.12297006' specified does not contain 'platforms'.
[CXX5101] NDK folder 'C:\Android\ndk\27.1.12297006' specified does not contain 'platforms'.
WARNING: [CXX5101] NDK folder 'C:\Android\ndk\27.1.12297006' specified does not contain 'platforms'.
[CXX5101] NDK folder 'C:\Android\ndk\27.1.12297006' specified does not contain 'platforms'.
WARNING: [CXX5101] NDK folder 'C:\Android\ndk\27.1.12297006' specified does not contain 'platforms'.
[CXX5101] NDK folder 'C:\Android\ndk\27.1.12297006' specified does not contain 'platforms'.
WARNING: [CXX5101] NDK folder 'C:\Android\ndk\27.1.12297006' specified does not contain 'platforms'.
[CXX5101] NDK folder 'C:\Android\ndk\27.1.12297006' specified does not contain 'platforms'.
WARNING: [CXX5101] NDK folder 'C:\Android\ndk\27.1.12297006' specified does not contain 'platforms'.
[CXX5101] NDK folder 'C:\Android\ndk\27.1.12297006' specified does not contain 'platforms'.
WARNING: [CXX5101] NDK folder 'C:\Android\ndk\27.1.12297006' specified does not contain 'platforms'.
[CXX5101] NDK folder 'C:\Android\ndk\27.1.12297006' specified does not contain 'platforms'.
WARNING: [CXX5101] NDK folder 'C:\Android\ndk\27.1.12297006' specified does not contain 'platforms'.
[CXX5101] NDK folder 'C:\Android\ndk\27.1.12297006' specified does not contain 'platforms'.
WARNING: [CXX5101] NDK folder 'C:\Android\ndk\27.1.12297006' specified does not contain 'platforms'.
[CXX5101] NDK folder 'C:\Android\ndk\27.1.12297006' specified does not contain 'platforms'.
WARNING: [CXX5101] NDK folder 'C:\Android\ndk\27.1.12297006' specified does not contain 'platforms'.
[CXX5101] NDK folder 'C:\Android\ndk\27.1.12297006' specified does not contain 'platforms'.
WARNING: [CXX5101] NDK folder 'C:\Android\ndk\27.1.12297006' specified does not contain 'platforms'.
[CXX5101] NDK folder 'C:\Android\ndk\27.1.12297006' specified does not contain 'platforms'.
WARNING: [CXX5101] NDK folder 'C:\Android\ndk\27.1.12297006' specified does not contain 'platforms'.
[CXX5101] NDK folder 'C:\Android\ndk\27.1.12297006' specified does not contain 'platforms'.
WARNING: [CXX5101] NDK folder 'C:\Android\ndk\27.1.12297006' specified does not contain 'platforms'.
[CXX5101] NDK folder 'C:\Android\ndk\27.1.12297006' specified does not contain 'platforms'.
WARNING: [CXX5101] NDK folder 'C:\Android\ndk\27.1.12297006' specified does not contain 'platforms'.
[CXX5101] NDK folder 'C:\Android\ndk\27.1.12297006' specified does not contain 'platforms'.

> Configure project :react-native-reanimated
WARNING: [CXX5101] NDK folder 'C:\Android\ndk\27.1.12297006' specified does not contain 'platforms'.
[CXX5101] NDK folder 'C:\Android\ndk\27.1.12297006' specified does not contain 'platforms'.
WARNING: [CXX5101] NDK folder 'C:\Android\ndk\27.1.12297006' specified does not contain 'platforms'.
[CXX5101] NDK folder 'C:\Android\ndk\27.1.12297006' specified does not contain 'platforms'.
WARNING: [CXX5101] NDK folder 'C:\Android\ndk\27.1.12297006' specified does not contain 'platforms'.
[CXX5101] NDK folder 'C:\Android\ndk\27.1.12297006' specified does not contain 'platforms'.
WARNING: [CXX5101] NDK folder 'C:\Android\ndk\27.1.12297006' specified does not contain 'platforms'.
[CXX5101] NDK folder 'C:\Android\ndk\27.1.12297006' specified does not contain 'platforms'.
WARNING: [CXX5101] NDK folder 'C:\Android\ndk\27.1.12297006' specified does not contain 'platforms'.
[CXX5101] NDK folder 'C:\Android\ndk\27.1.12297006' specified does not contain 'platforms'.
WARNING: [CXX5101] NDK folder 'C:\Android\ndk\27.1.12297006' specified does not contain 'platforms'.
[CXX5101] NDK folder 'C:\Android\ndk\27.1.12297006' specified does not contain 'platforms'.
WARNING: [CXX5101] NDK folder 'C:\Android\ndk\27.1.12297006' specified does not contain 'platforms'.
[CXX5101] NDK folder 'C:\Android\ndk\27.1.12297006' specified does not contain 'platforms'.
WARNING: [CXX5101] NDK folder 'C:\Android\ndk\27.1.12297006' specified does not contain 'platforms'.
[CXX5101] NDK folder 'C:\Android\ndk\27.1.12297006' specified does not contain 'platforms'.
WARNING: [CXX5101] NDK folder 'C:\Android\ndk\27.1.12297006' specified does not contain 'platforms'.
[CXX5101] NDK folder 'C:\Android\ndk\27.1.12297006' specified does not contain 'platforms'.
WARNING: [CXX5101] NDK folder 'C:\Android\ndk\27.1.12297006' specified does not contain 'platforms'.
[CXX5101] NDK folder 'C:\Android\ndk\27.1.12297006' specified does not contain 'platforms'.
WARNING: [CXX5101] NDK folder 'C:\Android\ndk\27.1.12297006' specified does not contain 'platforms'.
[CXX5101] NDK folder 'C:\Android\ndk\27.1.12297006' specified does not contain 'platforms'.
WARNING: [CXX5101] NDK folder 'C:\Android\ndk\27.1.12297006' specified does not contain 'platforms'.
[CXX5101] NDK folder 'C:\Android\ndk\27.1.12297006' specified does not contain 'platforms'.
WARNING: [CXX5101] NDK folder 'C:\Android\ndk\27.1.12297006' specified does not contain 'platforms'.
[CXX5101] NDK folder 'C:\Android\ndk\27.1.12297006' specified does not contain 'platforms'.
WARNING: [CXX5101] NDK folder 'C:\Android\ndk\27.1.12297006' specified does not contain 'platforms'.
[CXX5101] NDK folder 'C:\Android\ndk\27.1.12297006' specified does not contain 'platforms'.

> Configure project :react-native-screens
WARNING: [CXX5101] NDK folder 'C:\Android\ndk\27.1.12297006' specified does not contain 'platforms'.
[CXX5101] NDK folder 'C:\Android\ndk\27.1.12297006' specified does not contain 'platforms'.
WARNING: [CXX5101] NDK folder 'C:\Android\ndk\27.1.12297006' specified does not contain 'platforms'.
[CXX5101] NDK folder 'C:\Android\ndk\27.1.12297006' specified does not contain 'platforms'.
WARNING: [CXX5101] NDK folder 'C:\Android\ndk\27.1.12297006' specified does not contain 'platforms'.
[CXX5101] NDK folder 'C:\Android\ndk\27.1.12297006' specified does not contain 'platforms'.
WARNING: [CXX5101] NDK folder 'C:\Android\ndk\27.1.12297006' specified does not contain 'platforms'.
[CXX5101] NDK folder 'C:\Android\ndk\27.1.12297006' specified does not contain 'platforms'.
WARNING: [CXX5101] NDK folder 'C:\Android\ndk\27.1.12297006' specified does not contain 'platforms'.
[CXX5101] NDK folder 'C:\Android\ndk\27.1.12297006' specified does not contain 'platforms'.
WARNING: [CXX5101] NDK folder 'C:\Android\ndk\27.1.12297006' specified does not contain 'platforms'.
[CXX5101] NDK folder 'C:\Android\ndk\27.1.12297006' specified does not contain 'platforms'.
WARNING: [CXX5101] NDK folder 'C:\Android\ndk\27.1.12297006' specified does not contain 'platforms'.
[CXX5101] NDK folder 'C:\Android\ndk\27.1.12297006' specified does not contain 'platforms'.
WARNING: [CXX5101] NDK folder 'C:\Android\ndk\27.1.12297006' specified does not contain 'platforms'.
[CXX5101] NDK folder 'C:\Android\ndk\27.1.12297006' specified does not contain 'platforms'.
WARNING: [CXX5101] NDK folder 'C:\Android\ndk\27.1.12297006' specified does not contain 'platforms'.
[CXX5101] NDK folder 'C:\Android\ndk\27.1.12297006' specified does not contain 'platforms'.
WARNING: [CXX5101] NDK folder 'C:\Android\ndk\27.1.12297006' specified does not contain 'platforms'.
[CXX5101] NDK folder 'C:\Android\ndk\27.1.12297006' specified does not contain 'platforms'.
WARNING: [CXX5101] NDK folder 'C:\Android\ndk\27.1.12297006' specified does not contain 'platforms'.
[CXX5101] NDK folder 'C:\Android\ndk\27.1.12297006' specified does not contain 'platforms'.
WARNING: [CXX5101] NDK folder 'C:\Android\ndk\27.1.12297006' specified does not contain 'platforms'.
[CXX5101] NDK folder 'C:\Android\ndk\27.1.12297006' specified does not contain 'platforms'.
WARNING: [CXX5101] NDK folder 'C:\Android\ndk\27.1.12297006' specified does not contain 'platforms'.
[CXX5101] NDK folder 'C:\Android\ndk\27.1.12297006' specified does not contain 'platforms'.
WARNING: [CXX5101] NDK folder 'C:\Android\ndk\27.1.12297006' specified does not contain 'platforms'.
[CXX5101] NDK folder 'C:\Android\ndk\27.1.12297006' specified does not contain 'platforms'.

> Task :expo:clean UP-TO-DATE
> Task :expo-eas-client:clean UP-TO-DATE
> Task :expo-constants:clean UP-TO-DATE
> Task :expo-json-utils:clean UP-TO-DATE
> Task :expo-manifests:clean UP-TO-DATE
> Task :app:externalNativeBuildCleanDebug
> Task :expo-structured-headers:clean UP-TO-DATE
> Task :expo-modules-core:externalNativeBuildCleanDebug
> Task :expo-updates:clean UP-TO-DATE
> Task :expo-updates-interface:clean UP-TO-DATE
> Task :app:externalNativeBuildCleanDebugOptimized
> Task :react-native-async-storage_async-storage:clean UP-TO-DATE
> Task :react-native-gesture-handler:externalNativeBuildCleanDebug
> Task :app:externalNativeBuildCleanRelease
> Task :expo-modules-core:externalNativeBuildCleanRelease
> Task :react-native-iap:externalNativeBuildCleanDebug
> Task :react-native-gesture-handler:externalNativeBuildCleanRelease
> Task :app:clean UP-TO-DATE
> Task :react-native-iap:externalNativeBuildCleanRelease
> Task :react-native-gesture-handler:clean UP-TO-DATE
> Task :expo-modules-core:clean UP-TO-DATE
> Task :react-native-safe-area-context:clean UP-TO-DATE
> Task :react-native-iap:clean UP-TO-DATE
> Task :react-native-reanimated:cleanCmakeCache
> Task :react-native-keyboard-controller:clean UP-TO-DATE
> Task :react-native-reanimated:externalNativeBuildCleanDebug
> Task :react-native-screens:externalNativeBuildCleanDebug
> Task :react-native-svg:clean UP-TO-DATE
> Task :expo-eas-client:preBuild UP-TO-DATE
> Task :react-native-reanimated:externalNativeBuildCleanRelease
> Task :expo-json-utils:preBuild UP-TO-DATE
> Task :expo-manifests:preBuild UP-TO-DATE
> Task :react-native-worklets:cleanCmakeCache
> Task :expo-modules-core:preBuild UP-TO-DATE
> Task :expo-structured-headers:preBuild UP-TO-DATE
> Task :expo-updates:preBuild UP-TO-DATE
> Task :react-native-screens:externalNativeBuildCleanRelease
> Task :expo-updates-interface:preBuild UP-TO-DATE
> Task :react-native-iap:preBuild UP-TO-DATE
> Task :expo-eas-client:preReleaseBuild UP-TO-DATE
> Task :react-native-worklets:externalNativeBuildCleanDebug
> Task :expo-json-utils:preReleaseBuild UP-TO-DATE
> Task :react-native-screens:clean UP-TO-DATE
> Task :expo-manifests:preReleaseBuild UP-TO-DATE
> Task :expo-modules-core:preReleaseBuild UP-TO-DATE
> Task :expo-structured-headers:preReleaseBuild UP-TO-DATE
> Task :expo-updates:preReleaseBuild UP-TO-DATE
> Task :expo-updates-interface:preReleaseBuild UP-TO-DATE
> Task :react-native-iap:preReleaseBuild UP-TO-DATE
> Task :react-native-gesture-handler:checkKotlinGradlePluginConfigurationErrors SKIPPED
> Task :react-native-iap:checkKotlinGradlePluginConfigurationErrors SKIPPED
> Task :react-native-worklets:externalNativeBuildCleanRelease
> Task :react-native-keyboard-controller:checkKotlinGradlePluginConfigurationErrors SKIPPED
> Task :react-native-safe-area-context:checkKotlinGradlePluginConfigurationErrors SKIPPED
> Task :react-native-reanimated:clean
> Task :react-native-worklets:clean
> Task :app:generateAutolinkingNewArchitectureFiles
> Task :app:generateAutolinkingPackageList
> Task :app:generateCodegenSchemaFromJavaScript SKIPPED
> Task :app:generateCodegenArtifactsFromSchema SKIPPED
> Task :app:generateReactNativeEntryPoint

> Task :expo-constants:createExpoConfig
.\gradlew.bat : The NODE_ENV environment variable is required but was not 
specified. Ensure the project is bundled with Expo CLI or NODE_ENV is set. 
Using only .env.local and .env
At line:1 char:318
+ ... rue"; Write-Host ""; .\gradlew.bat clean assembleRelease 2>&1 | Out-F ...
+                          ~~~~~~~~~~~~~~~~~~~~~~~~~~~~~~~~~~~~~~~~
    + CategoryInfo          : NotSpecified: (The NODE_ENV en....local and 
.env:String) [], RemoteException
    + FullyQualifiedErrorId : NativeCommandError
 
env: load .env.local .env
env: export ADMIN_SETUP_TOKEN DATABASE_URL NODE_ENV PORT EXPO_PUBLIC_DOMAIN

> Task :expo-constants:preBuild
> Task :react-native-async-storage_async-storage:generateCodegenSchemaFromJavaScript
> Task :react-native-gesture-handler:generateCodegenSchemaFromJavaScript
> Task :expo:generatePackagesList
> Task :expo:preBuild
> Task :react-native-keyboard-controller:generateCodegenSchemaFromJavaScript
> Task :react-native-reanimated:assertMinimalReactNativeVersionTask
> Task :react-native-reanimated:assertNewArchitectureEnabledTask SKIPPED
> Task :react-native-reanimated:assertWorkletsVersionTask
> Task :react-native-async-storage_async-storage:generateCodegenArtifactsFromSchema
> Task :react-native-async-storage_async-storage:preBuild
> Task :react-native-gesture-handler:generateCodegenArtifactsFromSchema
> Task :react-native-gesture-handler:preBuild
> Task :react-native-reanimated:generateCodegenSchemaFromJavaScript
> Task :react-native-keyboard-controller:generateCodegenArtifactsFromSchema
> Task :react-native-keyboard-controller:preBuild
> Task :react-native-safe-area-context:generateCodegenSchemaFromJavaScript
> Task :react-native-screens:generateCodegenSchemaFromJavaScript
> Task :react-native-svg:generateCodegenSchemaFromJavaScript
> Task :react-native-reanimated:generateCodegenArtifactsFromSchema
> Task :react-native-safe-area-context:generateCodegenArtifactsFromSchema
> Task :react-native-safe-area-context:preBuild
> Task :react-native-reanimated:prepareReanimatedHeadersForPrefabs
> Task :react-native-reanimated:preBuild
> Task :react-native-reanimated:preReleaseBuild
> Task :expo:preReleaseBuild
> Task :expo:mergeReleaseJniLibFolders
> Task :expo:mergeReleaseNativeLibs NO-SOURCE
> Task :expo:copyReleaseJniLibsProjectOnly
> Task :expo-constants:preReleaseBuild
> Task :expo-constants:mergeReleaseJniLibFolders
> Task :expo-constants:mergeReleaseNativeLibs NO-SOURCE
> Task :expo-constants:copyReleaseJniLibsProjectOnly
> Task :expo-eas-client:mergeReleaseJniLibFolders
> Task :expo-eas-client:mergeReleaseNativeLibs NO-SOURCE
> Task :expo-eas-client:copyReleaseJniLibsProjectOnly
> Task :react-native-screens:generateCodegenArtifactsFromSchema
> Task :react-native-screens:preBuild
> Task :expo-json-utils:mergeReleaseJniLibFolders
> Task :expo-json-utils:mergeReleaseNativeLibs NO-SOURCE
> Task :expo-manifests:mergeReleaseJniLibFolders
> Task :expo-json-utils:copyReleaseJniLibsProjectOnly
> Task :expo-manifests:mergeReleaseNativeLibs NO-SOURCE
> Task :expo-manifests:copyReleaseJniLibsProjectOnly
> Task :react-native-worklets:assertMinimalReactNativeVersionTask
> Task :react-native-worklets:assertNewArchitectureEnabledTask SKIPPED
> Task :expo-structured-headers:mergeReleaseJniLibFolders
> Task :expo-structured-headers:mergeReleaseNativeLibs NO-SOURCE
> Task :expo-structured-headers:copyReleaseJniLibsProjectOnly
> Task :expo-updates:mergeReleaseJniLibFolders
> Task :expo-updates:mergeReleaseNativeLibs NO-SOURCE
> Task :expo-updates:copyReleaseJniLibsProjectOnly
> Task :expo-updates-interface:mergeReleaseJniLibFolders
> Task :expo-updates-interface:mergeReleaseNativeLibs NO-SOURCE
> Task :expo-updates-interface:copyReleaseJniLibsProjectOnly
> Task :react-native-async-storage_async-storage:preReleaseBuild
> Task :react-native-async-storage_async-storage:mergeReleaseJniLibFolders
> Task :react-native-async-storage_async-storage:mergeReleaseNativeLibs NO-SOURCE
> Task :react-native-async-storage_async-storage:copyReleaseJniLibsProjectOnly
> Task :react-native-gesture-handler:preReleaseBuild
> Task :react-native-gesture-handler:mergeReleaseJniLibFolders
> Task :react-native-svg:generateCodegenArtifactsFromSchema
> Task :react-native-svg:preBuild
> Task :react-native-keyboard-controller:preReleaseBuild
> Task :react-native-keyboard-controller:mergeReleaseJniLibFolders
> Task :react-native-keyboard-controller:mergeReleaseNativeLibs NO-SOURCE
> Task :react-native-keyboard-controller:copyReleaseJniLibsProjectOnly
> Task :react-native-worklets:generateCodegenSchemaFromJavaScript
> Task :react-native-reanimated:mergeReleaseJniLibFolders
> Task :react-native-safe-area-context:preReleaseBuild
> Task :react-native-safe-area-context:mergeReleaseJniLibFolders
> Task :react-native-safe-area-context:mergeReleaseNativeLibs NO-SOURCE
> Task :react-native-safe-area-context:copyReleaseJniLibsProjectOnly
> Task :react-native-screens:preReleaseBuild

> Task :expo-modules-core:configureCMakeRelWithDebInfo[arm64-v8a] FAILED
C/C++: C:\Users\MY COMPUTER\Downloads\Global-Affirmation-Hub-1\Global-Affirmation-Hub-1\node_modules\expo-modules-core\android\CMakeLists.txt release|arm64-v8a : com.google.prefab.api.NoMatchingLibraryException: No compatible library found for //ReactAndroid/hermestooling. Rejected the following libraries:

> Task :react-native-worklets:generateCodegenArtifactsFromSchema

> Task :react-native-iap:configureCMakeRelWithDebInfo[arm64-v8a] FAILED
C/C++: C:\Users\MY COMPUTER\Downloads\Global-Affirmation-Hub-1\Global-Affirmation-Hub-1\node_modules\react-native-iap\android\CMakeLists.txt release|arm64-v8a : com.google.prefab.api.NoMatchingLibraryException: No compatible library found for //ReactAndroid/hermestooling. Rejected the following libraries:

> Task :react-native-screens:configureCMakeRelWithDebInfo[arm64-v8a] FAILED
C/C++: C:\Users\MY COMPUTER\Downloads\Global-Affirmation-Hub-1\Global-Affirmation-Hub-1\node_modules\react-native-screens\android\CMakeLists.txt release|arm64-v8a : com.google.prefab.api.NoMatchingLibraryException: No compatible library found for //ReactAndroid/hermestooling. Rejected the following libraries:

[Incubating] Problems report is available at: file:///C:/Users/MY%20COMPUTER/Downloads/Global-Affirmation-Hub-1/Global-Affirmation-Hub-1/android/build/reports/problems/problems-report.html

FAILURE: Build completed with 3 failures.

1: Task failed with an exception.
-----------
* What went wrong:
Execution failed for task 
':expo-modules-core:configureCMakeRelWithDebInfo[arm64-v8a]'.
> [CXX1214] C:\Users\MY COMPUTER\Downloads\Global-Affirmation-Hub-1\Global-Affi
rmation-Hub-1\node_modules\expo-modules-core\android\CMakeLists.txt 
release|arm64-v8a : User has minSdkVersion 22 but library was built for 24 
[//ReactAndroid/hermestooling]

* Try:
> Run with --stacktrace option to get the stack trace.
> Run with --info or --debug option to get more log output.
> Run with --scan to get full insights.
> Get more help at https://help.gradle.org.
==============================================================================

2: Task failed with an exception.
-----------
* What went wrong:
Execution failed for task 
':react-native-iap:configureCMakeRelWithDebInfo[arm64-v8a]'.
> [CXX1214] C:\Users\MY COMPUTER\Downloads\Global-Affirmation-Hub-1\Global-Affi
rmation-Hub-1\node_modules\react-native-iap\android\CMakeLists.txt 
release|arm64-v8a : User has minSdkVersion 22 but library was built for 24 
[//ReactAndroid/hermestooling]

* Try:
> Run with --stacktrace option to get the stack trace.
> Run with --info or --debug option to get more log output.
> Run with --scan to get full insights.
> Get more help at https://help.gradle.org.
==============================================================================

3: Task failed with an exception.
-----------
* What went wrong:
Execution failed for task 
':react-native-screens:configureCMakeRelWithDebInfo[arm64-v8a]'.
> [CXX1214] C:\Users\MY COMPUTER\Downloads\Global-Affirmation-Hub-1\Global-Affi
rmation-Hub-1\node_modules\react-native-screens\android\CMakeLists.txt 
release|arm64-v8a : User has minSdkVersion 22 but library was built for 24 
[//ReactAndroid/hermestooling]

* Try:
> Run with --stacktrace option to get the stack trace.
> Run with --info or --debug option to get more log output.
> Run with --scan to get full insights.
> Get more help at https://help.gradle.org.
==============================================================================

Deprecated Gradle features were used in this build, making it incompatible with Gradle 9.0.

You can use '--warning-mode all' to show the individual deprecation warnings and determine if they come from your own scripts or plugins.

For more on this, please refer to https://docs.gradle.org/8.14.3/userguide/command_line_interface.html#sec:command_line_warnings in the Gradle documentation.

BUILD FAILED in 1m 31s
116 actionable tasks: 99 executed, 17 up-to-date
